<?xml version="1.0" encoding="UTF-8"?>
<testng-results ignored="0" total="1" passed="1" failed="0" skipped="0">
  <reporter-output>
  </reporter-output>
  <suite started-at="2024-08-23T10:18:36 IST" name="Default suite" finished-at="2024-08-23T10:18:54 IST" duration-ms="17785">
    <groups>
    </groups>
    <test started-at="2024-08-23T10:18:36 IST" name="Default test" finished-at="2024-08-23T10:18:54 IST" duration-ms="17785">
      <class name="webTable.WebTableDemo1">
        <test-method is-config="true" signature="setUp()[pri:0, instance:webTable.WebTableDemo1@2805d709]" started-at="2024-08-23T10:18:36 IST" name="setUp" finished-at="2024-08-23T10:18:43 IST" duration-ms="6743" status="PASS">
          <reporter-output>
          </reporter-output>
        </test-method> <!-- setUp -->
        <test-method signature="webtable_Demo1()[pri:0, instance:webTable.WebTableDemo1@2805d709]" started-at="2024-08-23T10:18:43 IST" name="webtable_Demo1" finished-at="2024-08-23T10:18:54 IST" duration-ms="10734" status="PASS">
          <reporter-output>
          </reporter-output>
        </test-method> <!-- webtable_Demo1 -->
        <test-method is-config="true" signature="tearDown()[pri:0, instance:webTable.WebTableDemo1@2805d709]" started-at="2024-08-23T10:18:54 IST" name="tearDown" finished-at="2024-08-23T10:18:54 IST" duration-ms="262" status="PASS">
          <reporter-output>
          </reporter-output>
        </test-method> <!-- tearDown -->
      </class> <!-- webTable.WebTableDemo1 -->
    </test> <!-- Default test -->
  </suite> <!-- Default suite -->
</testng-results>
